\BOOKMARK [0][]{chapter.1}{1 INTRODU\307\303O}{}% 1
\BOOKMARK [1][]{section.1.1}{1.1 DEFINI\307\303O DO PROBLEMA}{chapter.1}% 2
\BOOKMARK [1][]{section.1.2}{1.2 JUSTIFICATIVA}{chapter.1}% 3
\BOOKMARK [0][]{chapter.2}{2 OBJETIVOS}{}% 4
\BOOKMARK [1][]{section.2.1}{2.1 OBJETIVO GERAL}{chapter.2}% 5
\BOOKMARK [1][]{section.2.2}{2.2 OBJETIVOS ESPEC\315FICOS}{chapter.2}% 6
\BOOKMARK [0][]{chapter.3}{3 REFERENCIAL TE\323RICO}{}% 7
\BOOKMARK [1][]{section.3.1}{3.1 SE\307\303O SECUND\301RIA}{chapter.3}% 8
\BOOKMARK [1][]{section.3.2}{3.2 SE\307\303O SECUND\301RIA}{chapter.3}% 9
\BOOKMARK [2][]{subsection.3.2.1}{3.2.1 Se\347\343o terci\341ria}{section.3.2}% 10
\BOOKMARK [0][]{chapter.4}{4 PROCEDIMENTOS METODOL\323GICOS}{}% 11
\BOOKMARK [1][]{section.4.1}{4.1 TIPO DE PESQUISA}{chapter.4}% 12
\BOOKMARK [1][]{section.4.2}{4.2 MATERIAL OU OBJETO EM ESTUDO}{chapter.4}% 13
\BOOKMARK [1][]{section.4.3}{4.3 M\311TODOS}{chapter.4}% 14
\BOOKMARK [2][]{subsection.4.3.1}{4.3.1 Subse\347\343o}{section.4.3}% 15
\BOOKMARK [2][]{subsection.4.3.2}{4.3.2 Subse\347\343o}{section.4.3}% 16
\BOOKMARK [1][]{section.4.4}{4.4 ASPECTOS \311TICOS}{chapter.4}% 17
\BOOKMARK [1][]{section.4.5}{4.5 TRATAMENTO DOS DADOS}{chapter.4}% 18
\BOOKMARK [0][]{chapter.5}{5 RESULTADOS E DISCUSS\303O}{}% 19
\BOOKMARK [0][]{chapter.6}{6 CONCLUS\325ES}{}% 20
\BOOKMARK [0][]{chapter*.7}{REFER\312NCIAS}{}% 21
\BOOKMARK [0][]{chapter*.8}{AP\312NDICE}{}% 22
\BOOKMARK [0][]{chapter*.9}{ANEXO}{}% 23
